<?xml version="1.0" encoding="UTF-8"?>
<!-- Generated by org.testng.reporters.JUnitXMLReporter -->
<testsuite hostname="Pranil" name="firefox" tests="7" failures="0" timestamp="7 Sep 2021 13:39:07 GMT" time="0.03" errors="0">
  <testcase name="tc001" time="0.002" classname="framework.testng.BeforeTest_and_AfterTest.TestSuite1"/>
  <testcase name="tc002" time="0.004" classname="framework.testng.BeforeTest_and_AfterTest.TestSuite1"/>
  <testcase name="tc003" time="0.001" classname="framework.testng.BeforeTest_and_AfterTest.TestSuite1"/>
  <testcase name="tc004" time="0.002" classname="framework.testng.BeforeTest_and_AfterTest.TestSuite2"/>
  <testcase name="tc005" time="0.002" classname="framework.testng.BeforeTest_and_AfterTest.TestSuite2"/>
  <testcase name="tc006" time="0.004" classname="framework.testng.BeforeTest_and_AfterTest.TestSuite2"/>
  <testcase name="Logout" time="0.0" classname="framework.testng.BeforeTest_and_AfterTest.Test_For_Firefox"/>
</testsuite> <!-- firefox -->
