<?xml version="1.0" encoding="UTF-8"?>
<!-- Generated by org.testng.reporters.JUnitXMLReporter -->
<testsuite hostname="Pranil" name="test_with_chrome" tests="4" failures="0" timestamp="4 Sep 2021 13:37:03 GMT" time="15.105" errors="0">
  <testcase name="launchBrowser" time="2.558" classname="framework.testng.CrossBrowser.CrossBrowser_Test"/>
  <testcase name="loadApp" time="7.757" classname="framework.testng.CrossBrowser.CrossBrowser_Test"/>
  <testcase name="User_login" time="0.356" classname="framework.testng.CrossBrowser.CrossBrowser_Test"/>
  <testcase name="closeBrowser" time="4.406" classname="framework.testng.CrossBrowser.CrossBrowser_Test"/>
</testsuite> <!-- test_with_chrome -->
