<?xml version="1.0" encoding="UTF-8"?>
<!-- Generated by org.testng.reporters.JUnitXMLReporter -->
<testsuite hostname="Pranil" name="test_with_firefox" tests="4" failures="0" timestamp="4 Sep 2021 13:36:48 GMT" time="27.123" errors="0">
  <testcase name="launchBrowser" time="7.888" classname="framework.testng.CrossBrowser.CrossBrowser_Test"/>
  <testcase name="loadApp" time="7.503" classname="framework.testng.CrossBrowser.CrossBrowser_Test"/>
  <testcase name="User_login" time="0.276" classname="framework.testng.CrossBrowser.CrossBrowser_Test"/>
  <testcase name="closeBrowser" time="11.399" classname="framework.testng.CrossBrowser.CrossBrowser_Test"/>
</testsuite> <!-- test_with_firefox -->
