<?xml version="1.0" encoding="UTF-8"?>
<!-- Generated by org.testng.reporters.JUnitXMLReporter -->
<testsuite hostname="Pranil" name="test1" tests="3" failures="0" timestamp="4 Sep 2021 13:13:05 GMT" time="23.946" errors="0">
  <testcase name="launch_browser" time="19.197" classname="framework.testng.Suite_Parameter.Get_Parameters_From_Suite"/>
  <testcase name="loadWebpage" time="4.154" classname="framework.testng.Suite_Parameter.Get_Parameters_From_Suite"/>
  <testcase name="User_login" time="0.519" classname="framework.testng.Suite_Parameter.Get_Parameters_From_Suite"/>
</testsuite> <!-- test1 -->
