<?xml version="1.0" encoding="UTF-8"?>
<testng-results skipped="0" failed="0" total="14" passed="14">
  <reporter-output>
    <line>
      <![CDATA[tc004  Executed]]>
    </line>
    <line>
      <![CDATA[tc005  Executed]]>
    </line>
    <line>
      <![CDATA[Tc006 executed]]>
    </line>
    <line>
      <![CDATA[tc004  Executed]]>
    </line>
    <line>
      <![CDATA[tc005  Executed]]>
    </line>
    <line>
      <![CDATA[Tc006 executed]]>
    </line>
  </reporter-output>
  <suite name="Crossbrowser" duration-ms="141" started-at="2021-09-07T13:39:07Z" finished-at="2021-09-07T13:39:07Z">
    <groups>
    </groups>
    <test name="chrome" duration-ms="75" started-at="2021-09-07T13:39:07Z" finished-at="2021-09-07T13:39:07Z">
      <class name="framework.testng.BeforeTest_and_AfterTest.TestSuite2">
        <test-method status="PASS" signature="tc004()[pri:0, instance:framework.testng.BeforeTest_and_AfterTest.TestSuite2@1b604f19]" name="tc004" duration-ms="3" started-at="2021-09-07T19:09:07Z" finished-at="2021-09-07T19:09:07Z">
          <reporter-output>
            <line>
              <![CDATA[tc004  Executed]]>
            </line>
          </reporter-output>
        </test-method> <!-- tc004 -->
        <test-method status="PASS" signature="tc005()[pri:0, instance:framework.testng.BeforeTest_and_AfterTest.TestSuite2@1b604f19]" name="tc005" duration-ms="2" started-at="2021-09-07T19:09:07Z" finished-at="2021-09-07T19:09:07Z">
          <reporter-output>
            <line>
              <![CDATA[tc005  Executed]]>
            </line>
          </reporter-output>
        </test-method> <!-- tc005 -->
        <test-method status="PASS" signature="tc006()[pri:0, instance:framework.testng.BeforeTest_and_AfterTest.TestSuite2@1b604f19]" name="tc006" duration-ms="1" started-at="2021-09-07T19:09:07Z" finished-at="2021-09-07T19:09:07Z">
          <reporter-output>
            <line>
              <![CDATA[Tc006 executed]]>
            </line>
          </reporter-output>
        </test-method> <!-- tc006 -->
      </class> <!-- framework.testng.BeforeTest_and_AfterTest.TestSuite2 -->
      <class name="framework.testng.BeforeTest_and_AfterTest.TestSuite1">
        <test-method status="PASS" signature="tc001()[pri:0, instance:framework.testng.BeforeTest_and_AfterTest.TestSuite1@4cc0edeb]" name="tc001" duration-ms="7" started-at="2021-09-07T19:09:07Z" finished-at="2021-09-07T19:09:07Z">
          <reporter-output>
          </reporter-output>
        </test-method> <!-- tc001 -->
        <test-method status="PASS" signature="tc002()[pri:0, instance:framework.testng.BeforeTest_and_AfterTest.TestSuite1@4cc0edeb]" name="tc002" duration-ms="2" started-at="2021-09-07T19:09:07Z" finished-at="2021-09-07T19:09:07Z">
          <reporter-output>
          </reporter-output>
        </test-method> <!-- tc002 -->
        <test-method status="PASS" signature="tc003()[pri:0, instance:framework.testng.BeforeTest_and_AfterTest.TestSuite1@4cc0edeb]" name="tc003" duration-ms="15" started-at="2021-09-07T19:09:07Z" finished-at="2021-09-07T19:09:07Z">
          <reporter-output>
          </reporter-output>
        </test-method> <!-- tc003 -->
      </class> <!-- framework.testng.BeforeTest_and_AfterTest.TestSuite1 -->
      <class name="framework.testng.BeforeTest_and_AfterTest.Test_for_Chrome">
        <test-method status="PASS" signature="beforeTest()[pri:0, instance:framework.testng.BeforeTest_and_AfterTest.Test_for_Chrome@7823a2f9]" name="beforeTest" is-config="true" duration-ms="1" started-at="2021-09-07T19:09:07Z" finished-at="2021-09-07T19:09:07Z">
          <reporter-output>
          </reporter-output>
        </test-method> <!-- beforeTest -->
        <test-method status="PASS" signature="login()[pri:0, instance:framework.testng.BeforeTest_and_AfterTest.Test_for_Chrome@7823a2f9]" name="login" duration-ms="2" started-at="2021-09-07T19:09:07Z" finished-at="2021-09-07T19:09:07Z">
          <reporter-output>
          </reporter-output>
        </test-method> <!-- login -->
        <test-method status="PASS" signature="afterTest()[pri:0, instance:framework.testng.BeforeTest_and_AfterTest.Test_for_Chrome@7823a2f9]" name="afterTest" is-config="true" duration-ms="4" started-at="2021-09-07T19:09:07Z" finished-at="2021-09-07T19:09:07Z">
          <reporter-output>
          </reporter-output>
        </test-method> <!-- afterTest -->
      </class> <!-- framework.testng.BeforeTest_and_AfterTest.Test_for_Chrome -->
    </test> <!-- chrome -->
    <test name="firefox" duration-ms="30" started-at="2021-09-07T13:39:07Z" finished-at="2021-09-07T13:39:07Z">
      <class name="framework.testng.BeforeTest_and_AfterTest.TestSuite2">
        <test-method status="PASS" signature="beforesuite()[pri:0, instance:framework.testng.BeforeTest_and_AfterTest.TestSuite2@61832929]" name="beforesuite" is-config="true" duration-ms="12" started-at="2021-09-07T19:09:07Z" finished-at="2021-09-07T19:09:07Z">
          <reporter-output>
          </reporter-output>
        </test-method> <!-- beforesuite -->
        <test-method status="PASS" signature="tc004()[pri:0, instance:framework.testng.BeforeTest_and_AfterTest.TestSuite2@61832929]" name="tc004" duration-ms="2" started-at="2021-09-07T19:09:07Z" finished-at="2021-09-07T19:09:07Z">
          <reporter-output>
            <line>
              <![CDATA[tc004  Executed]]>
            </line>
          </reporter-output>
        </test-method> <!-- tc004 -->
        <test-method status="PASS" signature="tc005()[pri:0, instance:framework.testng.BeforeTest_and_AfterTest.TestSuite2@61832929]" name="tc005" duration-ms="2" started-at="2021-09-07T19:09:07Z" finished-at="2021-09-07T19:09:07Z">
          <reporter-output>
            <line>
              <![CDATA[tc005  Executed]]>
            </line>
          </reporter-output>
        </test-method> <!-- tc005 -->
        <test-method status="PASS" signature="tc006()[pri:0, instance:framework.testng.BeforeTest_and_AfterTest.TestSuite2@61832929]" name="tc006" duration-ms="4" started-at="2021-09-07T19:09:07Z" finished-at="2021-09-07T19:09:07Z">
          <reporter-output>
            <line>
              <![CDATA[Tc006 executed]]>
            </line>
          </reporter-output>
        </test-method> <!-- tc006 -->
      </class> <!-- framework.testng.BeforeTest_and_AfterTest.TestSuite2 -->
      <class name="framework.testng.BeforeTest_and_AfterTest.TestSuite1">
        <test-method status="PASS" signature="tc001()[pri:0, instance:framework.testng.BeforeTest_and_AfterTest.TestSuite1@3ffc5af1]" name="tc001" duration-ms="2" started-at="2021-09-07T19:09:07Z" finished-at="2021-09-07T19:09:07Z">
          <reporter-output>
          </reporter-output>
        </test-method> <!-- tc001 -->
        <test-method status="PASS" signature="tc002()[pri:0, instance:framework.testng.BeforeTest_and_AfterTest.TestSuite1@3ffc5af1]" name="tc002" duration-ms="4" started-at="2021-09-07T19:09:07Z" finished-at="2021-09-07T19:09:07Z">
          <reporter-output>
          </reporter-output>
        </test-method> <!-- tc002 -->
        <test-method status="PASS" signature="tc003()[pri:0, instance:framework.testng.BeforeTest_and_AfterTest.TestSuite1@3ffc5af1]" name="tc003" duration-ms="1" started-at="2021-09-07T19:09:07Z" finished-at="2021-09-07T19:09:07Z">
          <reporter-output>
          </reporter-output>
        </test-method> <!-- tc003 -->
      </class> <!-- framework.testng.BeforeTest_and_AfterTest.TestSuite1 -->
      <class name="framework.testng.BeforeTest_and_AfterTest.Test_For_Firefox">
        <test-method status="PASS" signature="beforeTest()[pri:0, instance:framework.testng.BeforeTest_and_AfterTest.Test_For_Firefox@29774679]" name="beforeTest" is-config="true" duration-ms="0" started-at="2021-09-07T19:09:07Z" finished-at="2021-09-07T19:09:07Z">
          <reporter-output>
          </reporter-output>
        </test-method> <!-- beforeTest -->
        <test-method status="PASS" signature="Logout()[pri:0, instance:framework.testng.BeforeTest_and_AfterTest.Test_For_Firefox@29774679]" name="Logout" duration-ms="0" started-at="2021-09-07T19:09:07Z" finished-at="2021-09-07T19:09:07Z">
          <reporter-output>
          </reporter-output>
        </test-method> <!-- Logout -->
        <test-method status="PASS" signature="afterTest()[pri:0, instance:framework.testng.BeforeTest_and_AfterTest.Test_For_Firefox@29774679]" name="afterTest" is-config="true" duration-ms="1" started-at="2021-09-07T19:09:07Z" finished-at="2021-09-07T19:09:07Z">
          <reporter-output>
          </reporter-output>
        </test-method> <!-- afterTest -->
      </class> <!-- framework.testng.BeforeTest_and_AfterTest.Test_For_Firefox -->
    </test> <!-- firefox -->
  </suite> <!-- Crossbrowser -->
</testng-results>
